// 同步 ID: f56c1a59 @ Fri Jul 10 10:40:35 UTC 2026
// 同步 ID: bef0a1e6 @ Sat Jul 11 07:27:36 UTC 2026
// 重构日志: 8c8f6aa8
// 重构日志: 59aa8e32
// 重构日志: d24228e9
// 重构日志: 94eab903
// 重构日志: 59b7f5f3
// 同步 ID: f7087374 @ Sun Jul 12 16:04:44 UTC 2026
// 重构日志: 9504be5b
// 重构日志: 194ae99f
// 重构日志: 40049c85
// 重构日志: d2464110
// 同步 ID: 8b30b0ef @ Thu Jul 16 09:36:15 UTC 2026
// 重构日志: 0865d853
// 同步 ID: 898e7b72 @ Thu Jul 16 15:23:06 UTC 2026
// 同步 ID: ba7784dc @ Thu Jul 16 20:39:45 UTC 2026
// 重构日志: 50641a0b
// 重构日志: 027fd481
// 重构日志: 34e1e975
// 重构日志: 18536f0a
// 重构日志: 488bf80b
// 同步 ID: ef426fa7 @ Sat Jul 18 10:00:26 UTC 2026
// 同步 ID: 6bcd957c @ Sat Jul 18 16:02:43 UTC 2026
// 重构日志: 75398609
// 同步 ID: 8e73d305 @ Sun Jul 19 00:42:15 UTC 2026
// 重构日志: fa9de6dc
// 重构日志: c1d75774
// 同步 ID: 1f8cd38d @ Mon Jul 20 13:27:10 UTC 2026
// 重构日志: 73c633c7
// 同步 ID: 58ec3180 @ Tue Jul 21 13:19:32 UTC 2026
